[2025-08-07 11:08:21,422] INFO [Broker id=1] Transitioning 51 partition(s) to local followers. (state.change.logger)
[2025-08-07 11:08:21,430] INFO [Broker id=1] Creating new partition __consumer_offsets-13 with topic id L4_FyI0VQPmo1SQDSQau_g. (state.change.logger)
[2025-08-07 11:08:21,633] INFO [Broker id=1] Follower __consumer_offsets-13 starts at leader epoch 5 from offset 0 with partition epoch 5 and high watermark 0. Current leader is -1. Previous leader Some(-1) and previous leader epoch was 5. (state.change.logger)
[2025-08-07 11:08:21,633] INFO [Broker id=1] Creating new partition __consumer_offsets-46 with topic id L4_FyI0VQPmo1SQDSQau_g. (state.change.logger)
[2025-08-07 11:08:21,634] INFO [Broker id=1] Follower __consumer_offsets-46 starts at leader epoch 5 from offset 0 with partition epoch 5 and high watermark 0. Current leader is -1. Previous leader Some(-1) and previous leader epoch was 5. (state.change.logger)
[2025-08-07 11:08:21,634] INFO [Broker id=1] Creating new partition __consumer_offsets-9 with topic id L4_FyI0VQPmo1SQDSQau_g. (state.change.logger)
[2025-08-07 11:08:21,635] INFO [Broker id=1] Follower __consumer_offsets-9 starts at leader epoch 5 from offset 0 with partition epoch 5 and high watermark 0. Current leader is -1. Previous leader Some(-1) and previous leader epoch was 5. (state.change.logger)
[2025-08-07 11:08:21,635] INFO [Broker id=1] Creating new partition __consumer_offsets-42 with topic id L4_FyI0VQPmo1SQDSQau_g. (state.change.logger)
[2025-08-07 11:08:21,635] INFO [Broker id=1] Follower __consumer_offsets-42 starts at leader epoch 5 from offset 0 with partition epoch 5 and high watermark 0. Current leader is -1. Previous leader Some(-1) and previous leader epoch was 5. (state.change.logger)
[2025-08-07 11:08:21,636] INFO [Broker id=1] Creating new partition __consumer_offsets-21 with topic id L4_FyI0VQPmo1SQDSQau_g. (state.change.logger)
[2025-08-07 11:08:21,636] INFO [Broker id=1] Follower __consumer_offsets-21 starts at leader epoch 5 from offset 0 with partition epoch 5 and high watermark 0. Current leader is -1. Previous leader Some(-1) and previous leader epoch was 5. (state.change.logger)
[2025-08-07 11:08:21,636] INFO [Broker id=1] Creating new partition __consumer_offsets-17 with topic id L4_FyI0VQPmo1SQDSQau_g. (state.change.logger)
[2025-08-07 11:08:21,637] INFO [Broker id=1] Follower __consumer_offsets-17 starts at leader epoch 5 from offset 0 with partition epoch 5 and high watermark 0. Current leader is -1. Previous leader Some(-1) and previous leader epoch was 5. (state.change.logger)
[2025-08-07 11:08:21,637] INFO [Broker id=1] Creating new partition __consumer_offsets-30 with topic id L4_FyI0VQPmo1SQDSQau_g. (state.change.logger)
[2025-08-07 11:08:21,637] INFO [Broker id=1] Follower __consumer_offsets-30 starts at leader epoch 5 from offset 0 with partition epoch 5 and high watermark 0. Current leader is -1. Previous leader Some(-1) and previous leader epoch was 5. (state.change.logger)
[2025-08-07 11:08:21,637] INFO [Broker id=1] Creating new partition __consumer_offsets-26 with topic id L4_FyI0VQPmo1SQDSQau_g. (state.change.logger)
[2025-08-07 11:08:21,638] INFO [Broker id=1] Follower __consumer_offsets-26 starts at leader epoch 5 from offset 0 with partition epoch 5 and high watermark 0. Current leader is -1. Previous leader Some(-1) and previous leader epoch was 5. (state.change.logger)
[2025-08-07 11:08:21,638] INFO [Broker id=1] Creating new partition __consumer_offsets-5 with topic id L4_FyI0VQPmo1SQDSQau_g. (state.change.logger)
[2025-08-07 11:08:21,638] INFO [Broker id=1] Follower __consumer_offsets-5 starts at leader epoch 5 from offset 0 with partition epoch 5 and high watermark 0. Current leader is -1. Previous leader Some(-1) and previous leader epoch was 5. (state.change.logger)
[2025-08-07 11:08:21,639] INFO [Broker id=1] Creating new partition __consumer_offsets-38 with topic id L4_FyI0VQPmo1SQDSQau_g. (state.change.logger)
[2025-08-07 11:08:21,639] INFO [Broker id=1] Follower __consumer_offsets-38 starts at leader epoch 5 from offset 771 with partition epoch 5 and high watermark 771. Current leader is -1. Previous leader Some(-1) and previous leader epoch was 5. (state.change.logger)
[2025-08-07 11:08:21,639] INFO [Broker id=1] Creating new partition belajarkafka-0 with topic id u4xCnM-dRfid3gtXjfwyxQ. (state.change.logger)
[2025-08-07 11:08:21,640] INFO [Broker id=1] Follower belajarkafka-0 starts at leader epoch 5 from offset 34 with partition epoch 5 and high watermark 34. Current leader is -1. Previous leader Some(-1) and previous leader epoch was 5. (state.change.logger)
[2025-08-07 11:08:21,640] INFO [Broker id=1] Creating new partition __consumer_offsets-1 with topic id L4_FyI0VQPmo1SQDSQau_g. (state.change.logger)
[2025-08-07 11:08:21,640] INFO [Broker id=1] Follower __consumer_offsets-1 starts at leader epoch 5 from offset 0 with partition epoch 5 and high watermark 0. Current leader is -1. Previous leader Some(-1) and previous leader epoch was 5. (state.change.logger)
[2025-08-07 11:08:21,640] INFO [Broker id=1] Creating new partition __consumer_offsets-34 with topic id L4_FyI0VQPmo1SQDSQau_g. (state.change.logger)
[2025-08-07 11:08:21,641] INFO [Broker id=1] Follower __consumer_offsets-34 starts at leader epoch 5 from offset 0 with partition epoch 5 and high watermark 0. Current leader is -1. Previous leader Some(-1) and previous leader epoch was 5. (state.change.logger)
[2025-08-07 11:08:21,641] INFO [Broker id=1] Creating new partition __consumer_offsets-16 with topic id L4_FyI0VQPmo1SQDSQau_g. (state.change.logger)
[2025-08-07 11:08:21,641] INFO [Broker id=1] Follower __consumer_offsets-16 starts at leader epoch 5 from offset 0 with partition epoch 5 and high watermark 0. Current leader is -1. Previous leader Some(-1) and previous leader epoch was 5. (state.change.logger)
[2025-08-07 11:08:21,641] INFO [Broker id=1] Creating new partition __consumer_offsets-45 with topic id L4_FyI0VQPmo1SQDSQau_g. (state.change.logger)
[2025-08-07 11:08:21,642] INFO [Broker id=1] Follower __consumer_offsets-45 starts at leader epoch 5 from offset 0 with partition epoch 5 and high watermark 0. Current leader is -1. Previous leader Some(-1) and previous leader epoch was 5. (state.change.logger)
[2025-08-07 11:08:21,642] INFO [Broker id=1] Creating new partition __consumer_offsets-12 with topic id L4_FyI0VQPmo1SQDSQau_g. (state.change.logger)
[2025-08-07 11:08:21,643] INFO [Broker id=1] Follower __consumer_offsets-12 starts at leader epoch 5 from offset 0 with partition epoch 5 and high watermark 0. Current leader is -1. Previous leader Some(-1) and previous leader epoch was 5. (state.change.logger)
[2025-08-07 11:08:21,643] INFO [Broker id=1] Creating new partition __consumer_offsets-41 with topic id L4_FyI0VQPmo1SQDSQau_g. (state.change.logger)
[2025-08-07 11:08:21,644] INFO [Broker id=1] Follower __consumer_offsets-41 starts at leader epoch 5 from offset 0 with partition epoch 5 and high watermark 0. Current leader is -1. Previous leader Some(-1) and previous leader epoch was 5. (state.change.logger)
[2025-08-07 11:08:21,644] INFO [Broker id=1] Creating new partition __consumer_offsets-24 with topic id L4_FyI0VQPmo1SQDSQau_g. (state.change.logger)
[2025-08-07 11:08:21,644] INFO [Broker id=1] Follower __consumer_offsets-24 starts at leader epoch 5 from offset 0 with partition epoch 5 and high watermark 0. Current leader is -1. Previous leader Some(-1) and previous leader epoch was 5. (state.change.logger)
[2025-08-07 11:08:21,644] INFO [Broker id=1] Creating new partition __consumer_offsets-20 with topic id L4_FyI0VQPmo1SQDSQau_g. (state.change.logger)
[2025-08-07 11:08:21,645] INFO [Broker id=1] Follower __consumer_offsets-20 starts at leader epoch 5 from offset 0 with partition epoch 5 and high watermark 0. Current leader is -1. Previous leader Some(-1) and previous leader epoch was 5. (state.change.logger)
[2025-08-07 11:08:21,645] INFO [Broker id=1] Creating new partition __consumer_offsets-49 with topic id L4_FyI0VQPmo1SQDSQau_g. (state.change.logger)
[2025-08-07 11:08:21,646] INFO [Broker id=1] Follower __consumer_offsets-49 starts at leader epoch 5 from offset 0 with partition epoch 5 and high watermark 0. Current leader is -1. Previous leader Some(-1) and previous leader epoch was 5. (state.change.logger)
[2025-08-07 11:08:21,646] INFO [Broker id=1] Creating new partition __consumer_offsets-0 with topic id L4_FyI0VQPmo1SQDSQau_g. (state.change.logger)
[2025-08-07 11:08:21,647] INFO [Broker id=1] Follower __consumer_offsets-0 starts at leader epoch 5 from offset 0 with partition epoch 5 and high watermark 0. Current leader is -1. Previous leader Some(-1) and previous leader epoch was 5. (state.change.logger)
[2025-08-07 11:08:21,647] INFO [Broker id=1] Creating new partition __consumer_offsets-29 with topic id L4_FyI0VQPmo1SQDSQau_g. (state.change.logger)
[2025-08-07 11:08:21,648] INFO [Broker id=1] Follower __consumer_offsets-29 starts at leader epoch 5 from offset 0 with partition epoch 5 and high watermark 0. Current leader is -1. Previous leader Some(-1) and previous leader epoch was 5. (state.change.logger)
[2025-08-07 11:08:21,648] INFO [Broker id=1] Creating new partition __consumer_offsets-25 with topic id L4_FyI0VQPmo1SQDSQau_g. (state.change.logger)
[2025-08-07 11:08:21,649] INFO [Broker id=1] Follower __consumer_offsets-25 starts at leader epoch 5 from offset 0 with partition epoch 5 and high watermark 0. Current leader is -1. Previous leader Some(-1) and previous leader epoch was 5. (state.change.logger)
[2025-08-07 11:08:21,649] INFO [Broker id=1] Creating new partition __consumer_offsets-8 with topic id L4_FyI0VQPmo1SQDSQau_g. (state.change.logger)
[2025-08-07 11:08:21,649] INFO [Broker id=1] Follower __consumer_offsets-8 starts at leader epoch 5 from offset 0 with partition epoch 5 and high watermark 0. Current leader is -1. Previous leader Some(-1) and previous leader epoch was 5. (state.change.logger)
[2025-08-07 11:08:21,649] INFO [Broker id=1] Creating new partition __consumer_offsets-37 with topic id L4_FyI0VQPmo1SQDSQau_g. (state.change.logger)
[2025-08-07 11:08:21,650] INFO [Broker id=1] Follower __consumer_offsets-37 starts at leader epoch 5 from offset 0 with partition epoch 5 and high watermark 0. Current leader is -1. Previous leader Some(-1) and previous leader epoch was 5. (state.change.logger)
[2025-08-07 11:08:21,650] INFO [Broker id=1] Creating new partition __consumer_offsets-4 with topic id L4_FyI0VQPmo1SQDSQau_g. (state.change.logger)
[2025-08-07 11:08:21,650] INFO [Broker id=1] Follower __consumer_offsets-4 starts at leader epoch 5 from offset 0 with partition epoch 5 and high watermark 0. Current leader is -1. Previous leader Some(-1) and previous leader epoch was 5. (state.change.logger)
[2025-08-07 11:08:21,650] INFO [Broker id=1] Creating new partition __consumer_offsets-33 with topic id L4_FyI0VQPmo1SQDSQau_g. (state.change.logger)
[2025-08-07 11:08:21,651] INFO [Broker id=1] Follower __consumer_offsets-33 starts at leader epoch 5 from offset 0 with partition epoch 5 and high watermark 0. Current leader is -1. Previous leader Some(-1) and previous leader epoch was 5. (state.change.logger)
[2025-08-07 11:08:21,651] INFO [Broker id=1] Creating new partition __consumer_offsets-15 with topic id L4_FyI0VQPmo1SQDSQau_g. (state.change.logger)
[2025-08-07 11:08:21,651] INFO [Broker id=1] Follower __consumer_offsets-15 starts at leader epoch 5 from offset 372 with partition epoch 5 and high watermark 372. Current leader is -1. Previous leader Some(-1) and previous leader epoch was 5. (state.change.logger)
[2025-08-07 11:08:21,651] INFO [Broker id=1] Creating new partition __consumer_offsets-48 with topic id L4_FyI0VQPmo1SQDSQau_g. (state.change.logger)
[2025-08-07 11:08:21,652] INFO [Broker id=1] Follower __consumer_offsets-48 starts at leader epoch 5 from offset 0 with partition epoch 5 and high watermark 0. Current leader is -1. Previous leader Some(-1) and previous leader epoch was 5. (state.change.logger)
[2025-08-07 11:08:21,652] INFO [Broker id=1] Creating new partition __consumer_offsets-11 with topic id L4_FyI0VQPmo1SQDSQau_g. (state.change.logger)
[2025-08-07 11:08:21,652] INFO [Broker id=1] Follower __consumer_offsets-11 starts at leader epoch 5 from offset 0 with partition epoch 5 and high watermark 0. Current leader is -1. Previous leader Some(-1) and previous leader epoch was 5. (state.change.logger)
[2025-08-07 11:08:21,652] INFO [Broker id=1] Creating new partition __consumer_offsets-44 with topic id L4_FyI0VQPmo1SQDSQau_g. (state.change.logger)
[2025-08-07 11:08:21,653] INFO [Broker id=1] Follower __consumer_offsets-44 starts at leader epoch 5 from offset 0 with partition epoch 5 and high watermark 0. Current leader is -1. Previous leader Some(-1) and previous leader epoch was 5. (state.change.logger)
[2025-08-07 11:08:21,653] INFO [Broker id=1] Creating new partition __consumer_offsets-23 with topic id L4_FyI0VQPmo1SQDSQau_g. (state.change.logger)
[2025-08-07 11:08:21,654] INFO [Broker id=1] Follower __consumer_offsets-23 starts at leader epoch 5 from offset 0 with partition epoch 5 and high watermark 0. Current leader is -1. Previous leader Some(-1) and previous leader epoch was 5. (state.change.logger)
[2025-08-07 11:08:21,654] INFO [Broker id=1] Creating new partition __consumer_offsets-19 with topic id L4_FyI0VQPmo1SQDSQau_g. (state.change.logger)
[2025-08-07 11:08:21,654] INFO [Broker id=1] Follower __consumer_offsets-19 starts at leader epoch 5 from offset 0 with partition epoch 5 and high watermark 0. Current leader is -1. Previous leader Some(-1) and previous leader epoch was 5. (state.change.logger)
[2025-08-07 11:08:21,654] INFO [Broker id=1] Creating new partition __consumer_offsets-32 with topic id L4_FyI0VQPmo1SQDSQau_g. (state.change.logger)
[2025-08-07 11:08:21,655] INFO [Broker id=1] Follower __consumer_offsets-32 starts at leader epoch 5 from offset 0 with partition epoch 5 and high watermark 0. Current leader is -1. Previous leader Some(-1) and previous leader epoch was 5. (state.change.logger)
[2025-08-07 11:08:21,655] INFO [Broker id=1] Creating new partition __consumer_offsets-28 with topic id L4_FyI0VQPmo1SQDSQau_g. (state.change.logger)
[2025-08-07 11:08:21,655] INFO [Broker id=1] Follower __consumer_offsets-28 starts at leader epoch 5 from offset 0 with partition epoch 5 and high watermark 0. Current leader is -1. Previous leader Some(-1) and previous leader epoch was 5. (state.change.logger)
[2025-08-07 11:08:21,655] INFO [Broker id=1] Creating new partition __consumer_offsets-7 with topic id L4_FyI0VQPmo1SQDSQau_g. (state.change.logger)
[2025-08-07 11:08:21,656] INFO [Broker id=1] Follower __consumer_offsets-7 starts at leader epoch 5 from offset 0 with partition epoch 5 and high watermark 0. Current leader is -1. Previous leader Some(-1) and previous leader epoch was 5. (state.change.logger)
[2025-08-07 11:08:21,656] INFO [Broker id=1] Creating new partition __consumer_offsets-40 with topic id L4_FyI0VQPmo1SQDSQau_g. (state.change.logger)
[2025-08-07 11:08:21,656] INFO [Broker id=1] Follower __consumer_offsets-40 starts at leader epoch 5 from offset 3 with partition epoch 5 and high watermark 3. Current leader is -1. Previous leader Some(-1) and previous leader epoch was 5. (state.change.logger)
[2025-08-07 11:08:21,656] INFO [Broker id=1] Creating new partition __consumer_offsets-3 with topic id L4_FyI0VQPmo1SQDSQau_g. (state.change.logger)
[2025-08-07 11:08:21,657] INFO [Broker id=1] Follower __consumer_offsets-3 starts at leader epoch 5 from offset 0 with partition epoch 5 and high watermark 0. Current leader is -1. Previous leader Some(-1) and previous leader epoch was 5. (state.change.logger)
[2025-08-07 11:08:21,657] INFO [Broker id=1] Creating new partition __consumer_offsets-36 with topic id L4_FyI0VQPmo1SQDSQau_g. (state.change.logger)
[2025-08-07 11:08:21,658] INFO [Broker id=1] Follower __consumer_offsets-36 starts at leader epoch 5 from offset 0 with partition epoch 5 and high watermark 0. Current leader is -1. Previous leader Some(-1) and previous leader epoch was 5. (state.change.logger)
[2025-08-07 11:08:21,658] INFO [Broker id=1] Creating new partition __consumer_offsets-47 with topic id L4_FyI0VQPmo1SQDSQau_g. (state.change.logger)
[2025-08-07 11:08:21,659] INFO [Broker id=1] Follower __consumer_offsets-47 starts at leader epoch 5 from offset 0 with partition epoch 5 and high watermark 0. Current leader is -1. Previous leader Some(-1) and previous leader epoch was 5. (state.change.logger)
[2025-08-07 11:08:21,659] INFO [Broker id=1] Creating new partition __consumer_offsets-14 with topic id L4_FyI0VQPmo1SQDSQau_g. (state.change.logger)
[2025-08-07 11:08:21,659] INFO [Broker id=1] Follower __consumer_offsets-14 starts at leader epoch 5 from offset 0 with partition epoch 5 and high watermark 0. Current leader is -1. Previous leader Some(-1) and previous leader epoch was 5. (state.change.logger)
[2025-08-07 11:08:21,659] INFO [Broker id=1] Creating new partition __consumer_offsets-43 with topic id L4_FyI0VQPmo1SQDSQau_g. (state.change.logger)
[2025-08-07 11:08:21,660] INFO [Broker id=1] Follower __consumer_offsets-43 starts at leader epoch 5 from offset 17 with partition epoch 5 and high watermark 17. Current leader is -1. Previous leader Some(-1) and previous leader epoch was 5. (state.change.logger)
[2025-08-07 11:08:21,660] INFO [Broker id=1] Creating new partition __consumer_offsets-10 with topic id L4_FyI0VQPmo1SQDSQau_g. (state.change.logger)
[2025-08-07 11:08:21,661] INFO [Broker id=1] Follower __consumer_offsets-10 starts at leader epoch 5 from offset 0 with partition epoch 5 and high watermark 0. Current leader is -1. Previous leader Some(-1) and previous leader epoch was 5. (state.change.logger)
[2025-08-07 11:08:21,661] INFO [Broker id=1] Creating new partition __consumer_offsets-22 with topic id L4_FyI0VQPmo1SQDSQau_g. (state.change.logger)
[2025-08-07 11:08:21,662] INFO [Broker id=1] Follower __consumer_offsets-22 starts at leader epoch 5 from offset 0 with partition epoch 5 and high watermark 0. Current leader is -1. Previous leader Some(-1) and previous leader epoch was 5. (state.change.logger)
[2025-08-07 11:08:21,662] INFO [Broker id=1] Creating new partition __consumer_offsets-18 with topic id L4_FyI0VQPmo1SQDSQau_g. (state.change.logger)
[2025-08-07 11:08:21,664] INFO [Broker id=1] Follower __consumer_offsets-18 starts at leader epoch 5 from offset 0 with partition epoch 5 and high watermark 0. Current leader is -1. Previous leader Some(-1) and previous leader epoch was 5. (state.change.logger)
[2025-08-07 11:08:21,664] INFO [Broker id=1] Creating new partition __consumer_offsets-31 with topic id L4_FyI0VQPmo1SQDSQau_g. (state.change.logger)
[2025-08-07 11:08:21,664] INFO [Broker id=1] Follower __consumer_offsets-31 starts at leader epoch 5 from offset 0 with partition epoch 5 and high watermark 0. Current leader is -1. Previous leader Some(-1) and previous leader epoch was 5. (state.change.logger)
[2025-08-07 11:08:21,664] INFO [Broker id=1] Creating new partition __consumer_offsets-27 with topic id L4_FyI0VQPmo1SQDSQau_g. (state.change.logger)
[2025-08-07 11:08:21,665] INFO [Broker id=1] Follower __consumer_offsets-27 starts at leader epoch 5 from offset 0 with partition epoch 5 and high watermark 0. Current leader is -1. Previous leader Some(-1) and previous leader epoch was 5. (state.change.logger)
[2025-08-07 11:08:21,665] INFO [Broker id=1] Creating new partition __consumer_offsets-39 with topic id L4_FyI0VQPmo1SQDSQau_g. (state.change.logger)
[2025-08-07 11:08:21,666] INFO [Broker id=1] Follower __consumer_offsets-39 starts at leader epoch 5 from offset 0 with partition epoch 5 and high watermark 0. Current leader is -1. Previous leader Some(-1) and previous leader epoch was 5. (state.change.logger)
[2025-08-07 11:08:21,666] INFO [Broker id=1] Creating new partition __consumer_offsets-6 with topic id L4_FyI0VQPmo1SQDSQau_g. (state.change.logger)
[2025-08-07 11:08:21,666] INFO [Broker id=1] Follower __consumer_offsets-6 starts at leader epoch 5 from offset 0 with partition epoch 5 and high watermark 0. Current leader is -1. Previous leader Some(-1) and previous leader epoch was 5. (state.change.logger)
[2025-08-07 11:08:21,666] INFO [Broker id=1] Creating new partition __consumer_offsets-35 with topic id L4_FyI0VQPmo1SQDSQau_g. (state.change.logger)
[2025-08-07 11:08:21,667] INFO [Broker id=1] Follower __consumer_offsets-35 starts at leader epoch 5 from offset 0 with partition epoch 5 and high watermark 0. Current leader is -1. Previous leader Some(-1) and previous leader epoch was 5. (state.change.logger)
[2025-08-07 11:08:21,667] INFO [Broker id=1] Creating new partition __consumer_offsets-2 with topic id L4_FyI0VQPmo1SQDSQau_g. (state.change.logger)
[2025-08-07 11:08:21,667] INFO [Broker id=1] Follower __consumer_offsets-2 starts at leader epoch 5 from offset 0 with partition epoch 5 and high watermark 0. Current leader is -1. Previous leader Some(-1) and previous leader epoch was 5. (state.change.logger)
[2025-08-07 11:08:21,669] INFO [Broker id=1] Stopped fetchers as part of become-follower for 51 partitions (state.change.logger)
[2025-08-07 11:08:21,673] INFO [Broker id=1] Started fetchers as part of become-follower for 51 partitions (state.change.logger)
[2025-08-07 11:08:21,851] INFO [Broker id=1] Transitioning 51 partition(s) to local leaders. (state.change.logger)
[2025-08-07 11:08:21,863] INFO [Broker id=1] Leader __consumer_offsets-13 with topic id Some(L4_FyI0VQPmo1SQDSQau_g) starts at leader epoch 6 from offset 0 with partition epoch 6, high watermark 0, ISR [1], adding replicas [] and removing replicas [] . Previous leader Some(-1) and previous leader epoch was 5. (state.change.logger)
[2025-08-07 11:08:22,030] INFO [Broker id=1] Leader __consumer_offsets-46 with topic id Some(L4_FyI0VQPmo1SQDSQau_g) starts at leader epoch 6 from offset 0 with partition epoch 6, high watermark 0, ISR [1], adding replicas [] and removing replicas [] . Previous leader Some(-1) and previous leader epoch was 5. (state.change.logger)
[2025-08-07 11:08:22,102] INFO [Broker id=1] Leader __consumer_offsets-9 with topic id Some(L4_FyI0VQPmo1SQDSQau_g) starts at leader epoch 6 from offset 0 with partition epoch 6, high watermark 0, ISR [1], adding replicas [] and removing replicas [] . Previous leader Some(-1) and previous leader epoch was 5. (state.change.logger)
[2025-08-07 11:08:22,168] INFO [Broker id=1] Leader __consumer_offsets-42 with topic id Some(L4_FyI0VQPmo1SQDSQau_g) starts at leader epoch 6 from offset 0 with partition epoch 6, high watermark 0, ISR [1], adding replicas [] and removing replicas [] . Previous leader Some(-1) and previous leader epoch was 5. (state.change.logger)
[2025-08-07 11:08:22,235] INFO [Broker id=1] Leader __consumer_offsets-21 with topic id Some(L4_FyI0VQPmo1SQDSQau_g) starts at leader epoch 6 from offset 0 with partition epoch 6, high watermark 0, ISR [1], adding replicas [] and removing replicas [] . Previous leader Some(-1) and previous leader epoch was 5. (state.change.logger)
[2025-08-07 11:08:22,286] INFO [Broker id=1] Leader __consumer_offsets-17 with topic id Some(L4_FyI0VQPmo1SQDSQau_g) starts at leader epoch 6 from offset 0 with partition epoch 6, high watermark 0, ISR [1], adding replicas [] and removing replicas [] . Previous leader Some(-1) and previous leader epoch was 5. (state.change.logger)
[2025-08-07 11:08:22,350] INFO [Broker id=1] Leader __consumer_offsets-30 with topic id Some(L4_FyI0VQPmo1SQDSQau_g) starts at leader epoch 6 from offset 0 with partition epoch 6, high watermark 0, ISR [1], adding replicas [] and removing replicas [] . Previous leader Some(-1) and previous leader epoch was 5. (state.change.logger)
[2025-08-07 11:08:22,409] INFO [Broker id=1] Leader __consumer_offsets-26 with topic id Some(L4_FyI0VQPmo1SQDSQau_g) starts at leader epoch 6 from offset 0 with partition epoch 6, high watermark 0, ISR [1], adding replicas [] and removing replicas [] . Previous leader Some(-1) and previous leader epoch was 5. (state.change.logger)
[2025-08-07 11:08:22,460] INFO [Broker id=1] Leader __consumer_offsets-5 with topic id Some(L4_FyI0VQPmo1SQDSQau_g) starts at leader epoch 6 from offset 0 with partition epoch 6, high watermark 0, ISR [1], adding replicas [] and removing replicas [] . Previous leader Some(-1) and previous leader epoch was 5. (state.change.logger)
[2025-08-07 11:08:22,512] INFO [Broker id=1] Leader __consumer_offsets-38 with topic id Some(L4_FyI0VQPmo1SQDSQau_g) starts at leader epoch 6 from offset 771 with partition epoch 6, high watermark 771, ISR [1], adding replicas [] and removing replicas [] . Previous leader Some(-1) and previous leader epoch was 5. (state.change.logger)
[2025-08-07 11:08:22,586] INFO [Broker id=1] Leader belajarkafka-0 with topic id Some(u4xCnM-dRfid3gtXjfwyxQ) starts at leader epoch 6 from offset 34 with partition epoch 6, high watermark 34, ISR [1], adding replicas [] and removing replicas [] . Previous leader Some(-1) and previous leader epoch was 5. (state.change.logger)
[2025-08-07 11:08:22,653] INFO [Broker id=1] Leader __consumer_offsets-1 with topic id Some(L4_FyI0VQPmo1SQDSQau_g) starts at leader epoch 6 from offset 0 with partition epoch 6, high watermark 0, ISR [1], adding replicas [] and removing replicas [] . Previous leader Some(-1) and previous leader epoch was 5. (state.change.logger)
[2025-08-07 11:08:22,703] INFO [Broker id=1] Leader __consumer_offsets-34 with topic id Some(L4_FyI0VQPmo1SQDSQau_g) starts at leader epoch 6 from offset 0 with partition epoch 6, high watermark 0, ISR [1], adding replicas [] and removing replicas [] . Previous leader Some(-1) and previous leader epoch was 5. (state.change.logger)
[2025-08-07 11:08:22,769] INFO [Broker id=1] Leader __consumer_offsets-16 with topic id Some(L4_FyI0VQPmo1SQDSQau_g) starts at leader epoch 6 from offset 0 with partition epoch 6, high watermark 0, ISR [1], adding replicas [] and removing replicas [] . Previous leader Some(-1) and previous leader epoch was 5. (state.change.logger)
[2025-08-07 11:08:22,820] INFO [Broker id=1] Leader __consumer_offsets-45 with topic id Some(L4_FyI0VQPmo1SQDSQau_g) starts at leader epoch 6 from offset 0 with partition epoch 6, high watermark 0, ISR [1], adding replicas [] and removing replicas [] . Previous leader Some(-1) and previous leader epoch was 5. (state.change.logger)
[2025-08-07 11:08:22,870] INFO [Broker id=1] Leader __consumer_offsets-12 with topic id Some(L4_FyI0VQPmo1SQDSQau_g) starts at leader epoch 6 from offset 0 with partition epoch 6, high watermark 0, ISR [1], adding replicas [] and removing replicas [] . Previous leader Some(-1) and previous leader epoch was 5. (state.change.logger)
[2025-08-07 11:08:22,920] INFO [Broker id=1] Leader __consumer_offsets-41 with topic id Some(L4_FyI0VQPmo1SQDSQau_g) starts at leader epoch 6 from offset 0 with partition epoch 6, high watermark 0, ISR [1], adding replicas [] and removing replicas [] . Previous leader Some(-1) and previous leader epoch was 5. (state.change.logger)
[2025-08-07 11:08:22,969] INFO [Broker id=1] Leader __consumer_offsets-24 with topic id Some(L4_FyI0VQPmo1SQDSQau_g) starts at leader epoch 6 from offset 0 with partition epoch 6, high watermark 0, ISR [1], adding replicas [] and removing replicas [] . Previous leader Some(-1) and previous leader epoch was 5. (state.change.logger)
[2025-08-07 11:08:23,019] INFO [Broker id=1] Leader __consumer_offsets-20 with topic id Some(L4_FyI0VQPmo1SQDSQau_g) starts at leader epoch 6 from offset 0 with partition epoch 6, high watermark 0, ISR [1], adding replicas [] and removing replicas [] . Previous leader Some(-1) and previous leader epoch was 5. (state.change.logger)
[2025-08-07 11:08:23,092] INFO [Broker id=1] Leader __consumer_offsets-49 with topic id Some(L4_FyI0VQPmo1SQDSQau_g) starts at leader epoch 6 from offset 0 with partition epoch 6, high watermark 0, ISR [1], adding replicas [] and removing replicas [] . Previous leader Some(-1) and previous leader epoch was 5. (state.change.logger)
[2025-08-07 11:08:23,158] INFO [Broker id=1] Leader __consumer_offsets-0 with topic id Some(L4_FyI0VQPmo1SQDSQau_g) starts at leader epoch 6 from offset 0 with partition epoch 6, high watermark 0, ISR [1], adding replicas [] and removing replicas [] . Previous leader Some(-1) and previous leader epoch was 5. (state.change.logger)
[2025-08-07 11:08:23,215] INFO [Broker id=1] Leader __consumer_offsets-29 with topic id Some(L4_FyI0VQPmo1SQDSQau_g) starts at leader epoch 6 from offset 0 with partition epoch 6, high watermark 0, ISR [1], adding replicas [] and removing replicas [] . Previous leader Some(-1) and previous leader epoch was 5. (state.change.logger)
[2025-08-07 11:08:23,344] INFO [Broker id=1] Leader __consumer_offsets-25 with topic id Some(L4_FyI0VQPmo1SQDSQau_g) starts at leader epoch 6 from offset 0 with partition epoch 6, high watermark 0, ISR [1], adding replicas [] and removing replicas [] . Previous leader Some(-1) and previous leader epoch was 5. (state.change.logger)
[2025-08-07 11:08:23,410] INFO [Broker id=1] Leader __consumer_offsets-8 with topic id Some(L4_FyI0VQPmo1SQDSQau_g) starts at leader epoch 6 from offset 0 with partition epoch 6, high watermark 0, ISR [1], adding replicas [] and removing replicas [] . Previous leader Some(-1) and previous leader epoch was 5. (state.change.logger)
[2025-08-07 11:08:23,460] INFO [Broker id=1] Leader __consumer_offsets-37 with topic id Some(L4_FyI0VQPmo1SQDSQau_g) starts at leader epoch 6 from offset 0 with partition epoch 6, high watermark 0, ISR [1], adding replicas [] and removing replicas [] . Previous leader Some(-1) and previous leader epoch was 5. (state.change.logger)
[2025-08-07 11:08:23,511] INFO [Broker id=1] Leader __consumer_offsets-4 with topic id Some(L4_FyI0VQPmo1SQDSQau_g) starts at leader epoch 6 from offset 0 with partition epoch 6, high watermark 0, ISR [1], adding replicas [] and removing replicas [] . Previous leader Some(-1) and previous leader epoch was 5. (state.change.logger)
[2025-08-07 11:08:23,576] INFO [Broker id=1] Leader __consumer_offsets-33 with topic id Some(L4_FyI0VQPmo1SQDSQau_g) starts at leader epoch 6 from offset 0 with partition epoch 6, high watermark 0, ISR [1], adding replicas [] and removing replicas [] . Previous leader Some(-1) and previous leader epoch was 5. (state.change.logger)
[2025-08-07 11:08:23,621] INFO [Broker id=1] Leader __consumer_offsets-15 with topic id Some(L4_FyI0VQPmo1SQDSQau_g) starts at leader epoch 6 from offset 372 with partition epoch 6, high watermark 372, ISR [1], adding replicas [] and removing replicas [] . Previous leader Some(-1) and previous leader epoch was 5. (state.change.logger)
[2025-08-07 11:08:23,686] INFO [Broker id=1] Leader __consumer_offsets-48 with topic id Some(L4_FyI0VQPmo1SQDSQau_g) starts at leader epoch 6 from offset 0 with partition epoch 6, high watermark 0, ISR [1], adding replicas [] and removing replicas [] . Previous leader Some(-1) and previous leader epoch was 5. (state.change.logger)
[2025-08-07 11:08:23,736] INFO [Broker id=1] Leader __consumer_offsets-11 with topic id Some(L4_FyI0VQPmo1SQDSQau_g) starts at leader epoch 6 from offset 0 with partition epoch 6, high watermark 0, ISR [1], adding replicas [] and removing replicas [] . Previous leader Some(-1) and previous leader epoch was 5. (state.change.logger)
[2025-08-07 11:08:23,845] INFO [Broker id=1] Leader __consumer_offsets-44 with topic id Some(L4_FyI0VQPmo1SQDSQau_g) starts at leader epoch 6 from offset 0 with partition epoch 6, high watermark 0, ISR [1], adding replicas [] and removing replicas [] . Previous leader Some(-1) and previous leader epoch was 5. (state.change.logger)
[2025-08-07 11:08:23,892] INFO [Broker id=1] Leader __consumer_offsets-23 with topic id Some(L4_FyI0VQPmo1SQDSQau_g) starts at leader epoch 6 from offset 0 with partition epoch 6, high watermark 0, ISR [1], adding replicas [] and removing replicas [] . Previous leader Some(-1) and previous leader epoch was 5. (state.change.logger)
[2025-08-07 11:08:23,950] INFO [Broker id=1] Leader __consumer_offsets-19 with topic id Some(L4_FyI0VQPmo1SQDSQau_g) starts at leader epoch 6 from offset 0 with partition epoch 6, high watermark 0, ISR [1], adding replicas [] and removing replicas [] . Previous leader Some(-1) and previous leader epoch was 5. (state.change.logger)
[2025-08-07 11:08:24,028] INFO [Broker id=1] Leader __consumer_offsets-32 with topic id Some(L4_FyI0VQPmo1SQDSQau_g) starts at leader epoch 6 from offset 0 with partition epoch 6, high watermark 0, ISR [1], adding replicas [] and removing replicas [] . Previous leader Some(-1) and previous leader epoch was 5. (state.change.logger)
[2025-08-07 11:08:24,100] INFO [Broker id=1] Leader __consumer_offsets-28 with topic id Some(L4_FyI0VQPmo1SQDSQau_g) starts at leader epoch 6 from offset 0 with partition epoch 6, high watermark 0, ISR [1], adding replicas [] and removing replicas [] . Previous leader Some(-1) and previous leader epoch was 5. (state.change.logger)
[2025-08-07 11:08:24,169] INFO [Broker id=1] Leader __consumer_offsets-7 with topic id Some(L4_FyI0VQPmo1SQDSQau_g) starts at leader epoch 6 from offset 0 with partition epoch 6, high watermark 0, ISR [1], adding replicas [] and removing replicas [] . Previous leader Some(-1) and previous leader epoch was 5. (state.change.logger)
[2025-08-07 11:08:24,220] INFO [Broker id=1] Leader __consumer_offsets-40 with topic id Some(L4_FyI0VQPmo1SQDSQau_g) starts at leader epoch 6 from offset 3 with partition epoch 6, high watermark 3, ISR [1], adding replicas [] and removing replicas [] . Previous leader Some(-1) and previous leader epoch was 5. (state.change.logger)
[2025-08-07 11:08:24,270] INFO [Broker id=1] Leader __consumer_offsets-3 with topic id Some(L4_FyI0VQPmo1SQDSQau_g) starts at leader epoch 6 from offset 0 with partition epoch 6, high watermark 0, ISR [1], adding replicas [] and removing replicas [] . Previous leader Some(-1) and previous leader epoch was 5. (state.change.logger)
[2025-08-07 11:08:24,319] INFO [Broker id=1] Leader __consumer_offsets-36 with topic id Some(L4_FyI0VQPmo1SQDSQau_g) starts at leader epoch 6 from offset 0 with partition epoch 6, high watermark 0, ISR [1], adding replicas [] and removing replicas [] . Previous leader Some(-1) and previous leader epoch was 5. (state.change.logger)
[2025-08-07 11:08:24,369] INFO [Broker id=1] Leader __consumer_offsets-47 with topic id Some(L4_FyI0VQPmo1SQDSQau_g) starts at leader epoch 6 from offset 0 with partition epoch 6, high watermark 0, ISR [1], adding replicas [] and removing replicas [] . Previous leader Some(-1) and previous leader epoch was 5. (state.change.logger)
[2025-08-07 11:08:24,419] INFO [Broker id=1] Leader __consumer_offsets-14 with topic id Some(L4_FyI0VQPmo1SQDSQau_g) starts at leader epoch 6 from offset 0 with partition epoch 6, high watermark 0, ISR [1], adding replicas [] and removing replicas [] . Previous leader Some(-1) and previous leader epoch was 5. (state.change.logger)
[2025-08-07 11:08:24,470] INFO [Broker id=1] Leader __consumer_offsets-43 with topic id Some(L4_FyI0VQPmo1SQDSQau_g) starts at leader epoch 6 from offset 17 with partition epoch 6, high watermark 17, ISR [1], adding replicas [] and removing replicas [] . Previous leader Some(-1) and previous leader epoch was 5. (state.change.logger)
[2025-08-07 11:08:24,519] INFO [Broker id=1] Leader __consumer_offsets-10 with topic id Some(L4_FyI0VQPmo1SQDSQau_g) starts at leader epoch 6 from offset 0 with partition epoch 6, high watermark 0, ISR [1], adding replicas [] and removing replicas [] . Previous leader Some(-1) and previous leader epoch was 5. (state.change.logger)
[2025-08-07 11:08:24,570] INFO [Broker id=1] Leader __consumer_offsets-22 with topic id Some(L4_FyI0VQPmo1SQDSQau_g) starts at leader epoch 6 from offset 0 with partition epoch 6, high watermark 0, ISR [1], adding replicas [] and removing replicas [] . Previous leader Some(-1) and previous leader epoch was 5. (state.change.logger)
[2025-08-07 11:08:24,728] INFO [Broker id=1] Leader __consumer_offsets-18 with topic id Some(L4_FyI0VQPmo1SQDSQau_g) starts at leader epoch 6 from offset 0 with partition epoch 6, high watermark 0, ISR [1], adding replicas [] and removing replicas [] . Previous leader Some(-1) and previous leader epoch was 5. (state.change.logger)
[2025-08-07 11:08:24,826] INFO [Broker id=1] Leader __consumer_offsets-31 with topic id Some(L4_FyI0VQPmo1SQDSQau_g) starts at leader epoch 6 from offset 0 with partition epoch 6, high watermark 0, ISR [1], adding replicas [] and removing replicas [] . Previous leader Some(-1) and previous leader epoch was 5. (state.change.logger)
[2025-08-07 11:08:24,884] INFO [Broker id=1] Leader __consumer_offsets-27 with topic id Some(L4_FyI0VQPmo1SQDSQau_g) starts at leader epoch 6 from offset 0 with partition epoch 6, high watermark 0, ISR [1], adding replicas [] and removing replicas [] . Previous leader Some(-1) and previous leader epoch was 5. (state.change.logger)
[2025-08-07 11:08:24,936] INFO [Broker id=1] Leader __consumer_offsets-39 with topic id Some(L4_FyI0VQPmo1SQDSQau_g) starts at leader epoch 6 from offset 0 with partition epoch 6, high watermark 0, ISR [1], adding replicas [] and removing replicas [] . Previous leader Some(-1) and previous leader epoch was 5. (state.change.logger)
[2025-08-07 11:08:24,986] INFO [Broker id=1] Leader __consumer_offsets-6 with topic id Some(L4_FyI0VQPmo1SQDSQau_g) starts at leader epoch 6 from offset 0 with partition epoch 6, high watermark 0, ISR [1], adding replicas [] and removing replicas [] . Previous leader Some(-1) and previous leader epoch was 5. (state.change.logger)
[2025-08-07 11:08:25,035] INFO [Broker id=1] Leader __consumer_offsets-35 with topic id Some(L4_FyI0VQPmo1SQDSQau_g) starts at leader epoch 6 from offset 0 with partition epoch 6, high watermark 0, ISR [1], adding replicas [] and removing replicas [] . Previous leader Some(-1) and previous leader epoch was 5. (state.change.logger)
[2025-08-07 11:08:25,094] INFO [Broker id=1] Leader __consumer_offsets-2 with topic id Some(L4_FyI0VQPmo1SQDSQau_g) starts at leader epoch 6 from offset 0 with partition epoch 6, high watermark 0, ISR [1], adding replicas [] and removing replicas [] . Previous leader Some(-1) and previous leader epoch was 5. (state.change.logger)
[2025-08-07 11:15:17,305] INFO [Broker id=1] Transitioning 51 partition(s) to local followers. (state.change.logger)
[2025-08-07 11:15:17,305] INFO [Broker id=1] Follower __consumer_offsets-13 starts at leader epoch 7 from offset 0 with partition epoch 7 and high watermark 0. Current leader is -1. Previous leader Some(-1) and previous leader epoch was 7. (state.change.logger)
[2025-08-07 11:15:17,305] INFO [Broker id=1] Follower __consumer_offsets-46 starts at leader epoch 7 from offset 0 with partition epoch 7 and high watermark 0. Current leader is -1. Previous leader Some(-1) and previous leader epoch was 7. (state.change.logger)
[2025-08-07 11:15:17,305] INFO [Broker id=1] Follower __consumer_offsets-9 starts at leader epoch 7 from offset 0 with partition epoch 7 and high watermark 0. Current leader is -1. Previous leader Some(-1) and previous leader epoch was 7. (state.change.logger)
[2025-08-07 11:15:17,305] INFO [Broker id=1] Follower __consumer_offsets-42 starts at leader epoch 7 from offset 0 with partition epoch 7 and high watermark 0. Current leader is -1. Previous leader Some(-1) and previous leader epoch was 7. (state.change.logger)
[2025-08-07 11:15:17,305] INFO [Broker id=1] Follower __consumer_offsets-21 starts at leader epoch 7 from offset 0 with partition epoch 7 and high watermark 0. Current leader is -1. Previous leader Some(-1) and previous leader epoch was 7. (state.change.logger)
[2025-08-07 11:15:17,305] INFO [Broker id=1] Follower __consumer_offsets-17 starts at leader epoch 7 from offset 0 with partition epoch 7 and high watermark 0. Current leader is -1. Previous leader Some(-1) and previous leader epoch was 7. (state.change.logger)
[2025-08-07 11:15:17,305] INFO [Broker id=1] Follower __consumer_offsets-30 starts at leader epoch 7 from offset 0 with partition epoch 7 and high watermark 0. Current leader is -1. Previous leader Some(-1) and previous leader epoch was 7. (state.change.logger)
[2025-08-07 11:15:17,305] INFO [Broker id=1] Follower __consumer_offsets-26 starts at leader epoch 7 from offset 0 with partition epoch 7 and high watermark 0. Current leader is -1. Previous leader Some(-1) and previous leader epoch was 7. (state.change.logger)
[2025-08-07 11:15:17,305] INFO [Broker id=1] Follower __consumer_offsets-5 starts at leader epoch 7 from offset 0 with partition epoch 7 and high watermark 0. Current leader is -1. Previous leader Some(-1) and previous leader epoch was 7. (state.change.logger)
[2025-08-07 11:15:17,305] INFO [Broker id=1] Follower __consumer_offsets-38 starts at leader epoch 7 from offset 771 with partition epoch 7 and high watermark 771. Current leader is -1. Previous leader Some(-1) and previous leader epoch was 7. (state.change.logger)
[2025-08-07 11:15:17,305] INFO [Broker id=1] Follower belajarkafka-0 starts at leader epoch 7 from offset 65 with partition epoch 7 and high watermark 65. Current leader is -1. Previous leader Some(-1) and previous leader epoch was 7. (state.change.logger)
[2025-08-07 11:15:17,305] INFO [Broker id=1] Follower __consumer_offsets-1 starts at leader epoch 7 from offset 0 with partition epoch 7 and high watermark 0. Current leader is -1. Previous leader Some(-1) and previous leader epoch was 7. (state.change.logger)
[2025-08-07 11:15:17,305] INFO [Broker id=1] Follower __consumer_offsets-34 starts at leader epoch 7 from offset 0 with partition epoch 7 and high watermark 0. Current leader is -1. Previous leader Some(-1) and previous leader epoch was 7. (state.change.logger)
[2025-08-07 11:15:17,305] INFO [Broker id=1] Follower __consumer_offsets-16 starts at leader epoch 7 from offset 0 with partition epoch 7 and high watermark 0. Current leader is -1. Previous leader Some(-1) and previous leader epoch was 7. (state.change.logger)
[2025-08-07 11:15:17,305] INFO [Broker id=1] Follower __consumer_offsets-45 starts at leader epoch 7 from offset 0 with partition epoch 7 and high watermark 0. Current leader is -1. Previous leader Some(-1) and previous leader epoch was 7. (state.change.logger)
[2025-08-07 11:15:17,305] INFO [Broker id=1] Follower __consumer_offsets-12 starts at leader epoch 7 from offset 0 with partition epoch 7 and high watermark 0. Current leader is -1. Previous leader Some(-1) and previous leader epoch was 7. (state.change.logger)
[2025-08-07 11:15:17,305] INFO [Broker id=1] Follower __consumer_offsets-41 starts at leader epoch 7 from offset 0 with partition epoch 7 and high watermark 0. Current leader is -1. Previous leader Some(-1) and previous leader epoch was 7. (state.change.logger)
[2025-08-07 11:15:17,306] INFO [Broker id=1] Follower __consumer_offsets-24 starts at leader epoch 7 from offset 0 with partition epoch 7 and high watermark 0. Current leader is -1. Previous leader Some(-1) and previous leader epoch was 7. (state.change.logger)
[2025-08-07 11:15:17,306] INFO [Broker id=1] Follower __consumer_offsets-20 starts at leader epoch 7 from offset 0 with partition epoch 7 and high watermark 0. Current leader is -1. Previous leader Some(-1) and previous leader epoch was 7. (state.change.logger)
[2025-08-07 11:15:17,306] INFO [Broker id=1] Follower __consumer_offsets-49 starts at leader epoch 7 from offset 0 with partition epoch 7 and high watermark 0. Current leader is -1. Previous leader Some(-1) and previous leader epoch was 7. (state.change.logger)
[2025-08-07 11:15:17,306] INFO [Broker id=1] Follower __consumer_offsets-0 starts at leader epoch 7 from offset 0 with partition epoch 7 and high watermark 0. Current leader is -1. Previous leader Some(-1) and previous leader epoch was 7. (state.change.logger)
[2025-08-07 11:15:17,306] INFO [Broker id=1] Follower __consumer_offsets-29 starts at leader epoch 7 from offset 0 with partition epoch 7 and high watermark 0. Current leader is -1. Previous leader Some(-1) and previous leader epoch was 7. (state.change.logger)
[2025-08-07 11:15:17,306] INFO [Broker id=1] Follower __consumer_offsets-25 starts at leader epoch 7 from offset 0 with partition epoch 7 and high watermark 0. Current leader is -1. Previous leader Some(-1) and previous leader epoch was 7. (state.change.logger)
[2025-08-07 11:15:17,306] INFO [Broker id=1] Follower __consumer_offsets-8 starts at leader epoch 7 from offset 0 with partition epoch 7 and high watermark 0. Current leader is -1. Previous leader Some(-1) and previous leader epoch was 7. (state.change.logger)
[2025-08-07 11:15:17,306] INFO [Broker id=1] Follower __consumer_offsets-37 starts at leader epoch 7 from offset 0 with partition epoch 7 and high watermark 0. Current leader is -1. Previous leader Some(-1) and previous leader epoch was 7. (state.change.logger)
[2025-08-07 11:15:17,306] INFO [Broker id=1] Follower __consumer_offsets-4 starts at leader epoch 7 from offset 0 with partition epoch 7 and high watermark 0. Current leader is -1. Previous leader Some(-1) and previous leader epoch was 7. (state.change.logger)
[2025-08-07 11:15:17,306] INFO [Broker id=1] Follower __consumer_offsets-33 starts at leader epoch 7 from offset 0 with partition epoch 7 and high watermark 0. Current leader is -1. Previous leader Some(-1) and previous leader epoch was 7. (state.change.logger)
[2025-08-07 11:15:17,306] INFO [Broker id=1] Follower __consumer_offsets-15 starts at leader epoch 7 from offset 372 with partition epoch 7 and high watermark 372. Current leader is -1. Previous leader Some(-1) and previous leader epoch was 7. (state.change.logger)
[2025-08-07 11:15:17,306] INFO [Broker id=1] Follower __consumer_offsets-48 starts at leader epoch 7 from offset 0 with partition epoch 7 and high watermark 0. Current leader is -1. Previous leader Some(-1) and previous leader epoch was 7. (state.change.logger)
[2025-08-07 11:15:17,306] INFO [Broker id=1] Follower __consumer_offsets-11 starts at leader epoch 7 from offset 0 with partition epoch 7 and high watermark 0. Current leader is -1. Previous leader Some(-1) and previous leader epoch was 7. (state.change.logger)
[2025-08-07 11:15:17,306] INFO [Broker id=1] Follower __consumer_offsets-44 starts at leader epoch 7 from offset 0 with partition epoch 7 and high watermark 0. Current leader is -1. Previous leader Some(-1) and previous leader epoch was 7. (state.change.logger)
[2025-08-07 11:15:17,306] INFO [Broker id=1] Follower __consumer_offsets-23 starts at leader epoch 7 from offset 0 with partition epoch 7 and high watermark 0. Current leader is -1. Previous leader Some(-1) and previous leader epoch was 7. (state.change.logger)
[2025-08-07 11:15:17,306] INFO [Broker id=1] Follower __consumer_offsets-19 starts at leader epoch 7 from offset 0 with partition epoch 7 and high watermark 0. Current leader is -1. Previous leader Some(-1) and previous leader epoch was 7. (state.change.logger)
[2025-08-07 11:15:17,306] INFO [Broker id=1] Follower __consumer_offsets-32 starts at leader epoch 7 from offset 0 with partition epoch 7 and high watermark 0. Current leader is -1. Previous leader Some(-1) and previous leader epoch was 7. (state.change.logger)
[2025-08-07 11:15:17,306] INFO [Broker id=1] Follower __consumer_offsets-28 starts at leader epoch 7 from offset 0 with partition epoch 7 and high watermark 0. Current leader is -1. Previous leader Some(-1) and previous leader epoch was 7. (state.change.logger)
[2025-08-07 11:15:17,306] INFO [Broker id=1] Follower __consumer_offsets-7 starts at leader epoch 7 from offset 0 with partition epoch 7 and high watermark 0. Current leader is -1. Previous leader Some(-1) and previous leader epoch was 7. (state.change.logger)
[2025-08-07 11:15:17,306] INFO [Broker id=1] Follower __consumer_offsets-40 starts at leader epoch 7 from offset 3 with partition epoch 7 and high watermark 3. Current leader is -1. Previous leader Some(-1) and previous leader epoch was 7. (state.change.logger)
[2025-08-07 11:15:17,306] INFO [Broker id=1] Follower __consumer_offsets-3 starts at leader epoch 7 from offset 0 with partition epoch 7 and high watermark 0. Current leader is -1. Previous leader Some(-1) and previous leader epoch was 7. (state.change.logger)
[2025-08-07 11:15:17,306] INFO [Broker id=1] Follower __consumer_offsets-36 starts at leader epoch 7 from offset 0 with partition epoch 7 and high watermark 0. Current leader is -1. Previous leader Some(-1) and previous leader epoch was 7. (state.change.logger)
[2025-08-07 11:15:17,306] INFO [Broker id=1] Follower __consumer_offsets-47 starts at leader epoch 7 from offset 0 with partition epoch 7 and high watermark 0. Current leader is -1. Previous leader Some(-1) and previous leader epoch was 7. (state.change.logger)
[2025-08-07 11:15:17,306] INFO [Broker id=1] Follower __consumer_offsets-14 starts at leader epoch 7 from offset 0 with partition epoch 7 and high watermark 0. Current leader is -1. Previous leader Some(-1) and previous leader epoch was 7. (state.change.logger)
[2025-08-07 11:15:17,306] INFO [Broker id=1] Follower __consumer_offsets-43 starts at leader epoch 7 from offset 37 with partition epoch 7 and high watermark 37. Current leader is -1. Previous leader Some(-1) and previous leader epoch was 7. (state.change.logger)
[2025-08-07 11:15:17,306] INFO [Broker id=1] Follower __consumer_offsets-10 starts at leader epoch 7 from offset 0 with partition epoch 7 and high watermark 0. Current leader is -1. Previous leader Some(-1) and previous leader epoch was 7. (state.change.logger)
[2025-08-07 11:15:17,307] INFO [Broker id=1] Follower __consumer_offsets-22 starts at leader epoch 7 from offset 0 with partition epoch 7 and high watermark 0. Current leader is -1. Previous leader Some(-1) and previous leader epoch was 7. (state.change.logger)
[2025-08-07 11:15:17,307] INFO [Broker id=1] Follower __consumer_offsets-18 starts at leader epoch 7 from offset 0 with partition epoch 7 and high watermark 0. Current leader is -1. Previous leader Some(-1) and previous leader epoch was 7. (state.change.logger)
[2025-08-07 11:15:17,307] INFO [Broker id=1] Follower __consumer_offsets-31 starts at leader epoch 7 from offset 0 with partition epoch 7 and high watermark 0. Current leader is -1. Previous leader Some(-1) and previous leader epoch was 7. (state.change.logger)
[2025-08-07 11:15:17,307] INFO [Broker id=1] Follower __consumer_offsets-27 starts at leader epoch 7 from offset 0 with partition epoch 7 and high watermark 0. Current leader is -1. Previous leader Some(-1) and previous leader epoch was 7. (state.change.logger)
[2025-08-07 11:15:17,307] INFO [Broker id=1] Follower __consumer_offsets-39 starts at leader epoch 7 from offset 0 with partition epoch 7 and high watermark 0. Current leader is -1. Previous leader Some(-1) and previous leader epoch was 7. (state.change.logger)
[2025-08-07 11:15:17,307] INFO [Broker id=1] Follower __consumer_offsets-6 starts at leader epoch 7 from offset 0 with partition epoch 7 and high watermark 0. Current leader is -1. Previous leader Some(-1) and previous leader epoch was 7. (state.change.logger)
[2025-08-07 11:15:17,307] INFO [Broker id=1] Follower __consumer_offsets-35 starts at leader epoch 7 from offset 0 with partition epoch 7 and high watermark 0. Current leader is -1. Previous leader Some(-1) and previous leader epoch was 7. (state.change.logger)
[2025-08-07 11:15:17,307] INFO [Broker id=1] Follower __consumer_offsets-2 starts at leader epoch 7 from offset 0 with partition epoch 7 and high watermark 0. Current leader is -1. Previous leader Some(-1) and previous leader epoch was 7. (state.change.logger)
[2025-08-07 11:15:17,477] INFO [Broker id=1] Stopped fetchers as part of controlled shutdown for 51 partitions (state.change.logger)
